Started GET "/products" for 127.0.0.1 at 2018-02-28 14:50:29 +0200
  
ActiveRecord::PendingMigrationError (

Migrations are pending. To resolve this issue, run:

        bin/rails db:migrate RAILS_ENV=development

):
  
activerecord (5.1.5) lib/active_record/migration.rb:576:in `check_pending!'
activerecord (5.1.5) lib/active_record/migration.rb:553:in `call'
actionpack (5.1.5) lib/action_dispatch/middleware/callbacks.rb:26:in `block in call'
activesupport (5.1.5) lib/active_support/callbacks.rb:97:in `run_callbacks'
actionpack (5.1.5) lib/action_dispatch/middleware/callbacks.rb:24:in `call'
actionpack (5.1.5) lib/action_dispatch/middleware/executor.rb:12:in `call'
actionpack (5.1.5) lib/action_dispatch/middleware/debug_exceptions.rb:59:in `call'
web-console (3.5.1) lib/web_console/middleware.rb:135:in `call_app'
web-console (3.5.1) lib/web_console/middleware.rb:28:in `block in call'
web-console (3.5.1) lib/web_console/middleware.rb:18:in `catch'
web-console (3.5.1) lib/web_console/middleware.rb:18:in `call'
actionpack (5.1.5) lib/action_dispatch/middleware/show_exceptions.rb:31:in `call'
railties (5.1.5) lib/rails/rack/logger.rb:36:in `call_app'
railties (5.1.5) lib/rails/rack/logger.rb:24:in `block in call'
activesupport (5.1.5) lib/active_support/tagged_logging.rb:69:in `block in tagged'
activesupport (5.1.5) lib/active_support/tagged_logging.rb:26:in `tagged'
activesupport (5.1.5) lib/active_support/tagged_logging.rb:69:in `tagged'
railties (5.1.5) lib/rails/rack/logger.rb:24:in `call'
sprockets-rails (3.2.1) lib/sprockets/rails/quiet_assets.rb:13:in `call'
actionpack (5.1.5) lib/action_dispatch/middleware/remote_ip.rb:79:in `call'
actionpack (5.1.5) lib/action_dispatch/middleware/request_id.rb:25:in `call'
rack (2.0.4) lib/rack/method_override.rb:22:in `call'
rack (2.0.4) lib/rack/runtime.rb:22:in `call'
activesupport (5.1.5) lib/active_support/cache/strategy/local_cache_middleware.rb:27:in `call'
actionpack (5.1.5) lib/action_dispatch/middleware/executor.rb:12:in `call'
actionpack (5.1.5) lib/action_dispatch/middleware/static.rb:125:in `call'
rack (2.0.4) lib/rack/sendfile.rb:111:in `call'
railties (5.1.5) lib/rails/engine.rb:522:in `call'
puma (3.11.2) lib/puma/configuration.rb:225:in `call'
puma (3.11.2) lib/puma/server.rb:624:in `handle_request'
puma (3.11.2) lib/puma/server.rb:438:in `process_client'
puma (3.11.2) lib/puma/server.rb:302:in `block in run'
puma (3.11.2) lib/puma/thread_pool.rb:120:in `block in spawn_thread'
  [1m[35m (0.1ms)[0m  [1m[34mSELECT sqlite_version(*)[0m
  [1m[35m (8.3ms)[0m  [1m[35mCREATE TABLE "schema_migrations" ("version" varchar NOT NULL PRIMARY KEY)[0m
  [1m[35m (7.0ms)[0m  [1m[35mCREATE TABLE "ar_internal_metadata" ("key" varchar NOT NULL PRIMARY KEY, "value" varchar, "created_at" datetime NOT NULL, "updated_at" datetime NOT NULL)[0m
  [1m[35m (0.2ms)[0m  [1m[34mSELECT "schema_migrations"."version" FROM "schema_migrations" ORDER BY "schema_migrations"."version" ASC[0m
Migrating to CreateProducts (20180228124941)
  [1m[35m (0.1ms)[0m  [1m[36mbegin transaction[0m
  [1m[35m (0.5ms)[0m  [1m[35mCREATE TABLE "products" ("id" INTEGER PRIMARY KEY AUTOINCREMENT NOT NULL, "name" varchar, "content" text, "created_at" datetime NOT NULL, "updated_at" datetime NOT NULL)[0m
  [1m[35mSQL (0.2ms)[0m  [1m[32mINSERT INTO "schema_migrations" ("version") VALUES (?)[0m  [["version", "20180228124941"]]
  [1m[35m (7.5ms)[0m  [1m[36mcommit transaction[0m
  [1m[36mActiveRecord::InternalMetadata Load (0.4ms)[0m  [1m[34mSELECT  "ar_internal_metadata".* FROM "ar_internal_metadata" WHERE "ar_internal_metadata"."key" = ? LIMIT ?[0m  [["key", "environment"], ["LIMIT", 1]]
  [1m[35m (0.1ms)[0m  [1m[36mbegin transaction[0m
  [1m[35mSQL (0.4ms)[0m  [1m[32mINSERT INTO "ar_internal_metadata" ("key", "value", "created_at", "updated_at") VALUES (?, ?, ?, ?)[0m  [["key", "environment"], ["value", "development"], ["created_at", "2018-02-28 12:50:39.812287"], ["updated_at", "2018-02-28 12:50:39.812287"]]
  [1m[35m (6.6ms)[0m  [1m[36mcommit transaction[0m
  [1m[35m (0.2ms)[0m  [1m[34mSELECT "schema_migrations"."version" FROM "schema_migrations" ORDER BY "schema_migrations"."version" ASC[0m
Started GET "/products" for 127.0.0.1 at 2018-02-28 14:50:44 +0200
  [1m[35m (0.2ms)[0m  [1m[34mSELECT "schema_migrations"."version" FROM "schema_migrations" ORDER BY "schema_migrations"."version" ASC[0m
Processing by ProductsController#index as HTML
  Rendering products/index.html.erb within layouts/application
  [1m[36mProduct Load (0.5ms)[0m  [1m[34mSELECT "products".* FROM "products"[0m
  Rendered products/index.html.erb within layouts/application (6.1ms)
Completed 200 OK in 912ms (Views: 901.6ms | ActiveRecord: 0.9ms)


Started GET "/products/new" for 127.0.0.1 at 2018-02-28 14:50:48 +0200
Processing by ProductsController#new as HTML
  Rendering products/new.html.erb within layouts/application
  Rendered products/_form.html.erb (33.0ms)
  Rendered products/new.html.erb within layouts/application (36.1ms)
Completed 200 OK in 90ms (Views: 73.8ms | ActiveRecord: 0.9ms)


  [1m[35m (0.5ms)[0m  [1m[34mSELECT "schema_migrations"."version" FROM "schema_migrations" ORDER BY "schema_migrations"."version" ASC[0m
Migrating to CreateOrders (20180228125440)
  [1m[35m (0.1ms)[0m  [1m[36mbegin transaction[0m
  [1m[35m (0.1ms)[0m  [1m[34mSELECT sqlite_version(*)[0m
  [1m[35m (1.2ms)[0m  [1m[35mCREATE TABLE "orders" ("id" INTEGER PRIMARY KEY AUTOINCREMENT NOT NULL, "product_id" integer, "date" date, "created_at" datetime NOT NULL, "updated_at" datetime NOT NULL, CONSTRAINT "fk_rails_dfb33b2de0"
FOREIGN KEY ("product_id")
  REFERENCES "products" ("id")
)[0m
  [1m[35m (0.2ms)[0m  [1m[35mCREATE  INDEX "index_orders_on_product_id" ON "orders" ("product_id")[0m
  [1m[35mSQL (0.7ms)[0m  [1m[32mINSERT INTO "schema_migrations" ("version") VALUES (?)[0m  [["version", "20180228125440"]]
  [1m[35m (12.5ms)[0m  [1m[36mcommit transaction[0m
  [1m[36mActiveRecord::InternalMetadata Load (0.4ms)[0m  [1m[34mSELECT  "ar_internal_metadata".* FROM "ar_internal_metadata" WHERE "ar_internal_metadata"."key" = ? LIMIT ?[0m  [["key", "environment"], ["LIMIT", 1]]
  [1m[35m (0.1ms)[0m  [1m[36mbegin transaction[0m
  [1m[35m (0.1ms)[0m  [1m[36mcommit transaction[0m
  [1m[35m (0.1ms)[0m  [1m[34mSELECT "schema_migrations"."version" FROM "schema_migrations" ORDER BY "schema_migrations"."version" ASC[0m
  [1m[35m (0.1ms)[0m  [1m[34m            SELECT sql
            FROM sqlite_master
            WHERE name='index_orders_on_product_id' AND type='index'
            UNION ALL
            SELECT sql
            FROM sqlite_temp_master
            WHERE name='index_orders_on_product_id' AND type='index'
[0m
Started GET "/products" for 127.0.0.1 at 2018-02-28 14:56:05 +0200
  [1m[35m (0.2ms)[0m  [1m[34mSELECT "schema_migrations"."version" FROM "schema_migrations" ORDER BY "schema_migrations"."version" ASC[0m
Processing by ProductsController#index as HTML
  Rendering products/index.html.erb within layouts/application
  [1m[36mProduct Load (0.7ms)[0m  [1m[34mSELECT "products".* FROM "products"[0m
  Rendered products/index.html.erb within layouts/application (5.2ms)
Completed 200 OK in 350ms (Views: 337.2ms | ActiveRecord: 1.3ms)


Started GET "/products/new" for 127.0.0.1 at 2018-02-28 14:56:07 +0200
Processing by ProductsController#new as HTML
  Rendering products/new.html.erb within layouts/application
  Rendered products/_form.html.erb (20.8ms)
  Rendered products/new.html.erb within layouts/application (22.2ms)
Completed 200 OK in 57ms (Views: 41.7ms | ActiveRecord: 1.2ms)


Started POST "/products" for 127.0.0.1 at 2018-02-28 14:56:19 +0200
Processing by ProductsController#create as HTML
  Parameters: {"utf8"=>"✓", "authenticity_token"=>"Y17BtETdU6DB4agqoBtximzlowOBdsW5m8csidmpmp3RvjsXWMrkDGc+4PGgQqqmtUCJtkh1Vg/VGFbwHPS1vg==", "product"=>{"name"=>"lala", "content"=>"domashno\r\n"}, "commit"=>"Create Product"}
  [1m[35m (0.1ms)[0m  [1m[36mbegin transaction[0m
  [1m[35mSQL (2.2ms)[0m  [1m[32mINSERT INTO "products" ("name", "content", "created_at", "updated_at") VALUES (?, ?, ?, ?)[0m  [["name", "lala"], ["content", "domashno\r\n"], ["created_at", "2018-02-28 12:56:19.605302"], ["updated_at", "2018-02-28 12:56:19.605302"]]
  [1m[35m (7.3ms)[0m  [1m[36mcommit transaction[0m
Redirected to http://localhost:3000/products/1
Completed 302 Found in 17ms (ActiveRecord: 9.7ms)


Started GET "/products/1" for 127.0.0.1 at 2018-02-28 14:56:19 +0200
Processing by ProductsController#show as HTML
  Parameters: {"id"=>"1"}
  [1m[36mProduct Load (0.4ms)[0m  [1m[34mSELECT  "products".* FROM "products" WHERE "products"."id" = ? LIMIT ?[0m  [["id", 1], ["LIMIT", 1]]
  Rendering products/show.html.erb within layouts/application
  Rendered products/show.html.erb within layouts/application (1.2ms)
Completed 200 OK in 34ms (Views: 25.2ms | ActiveRecord: 0.4ms)


Started GET "/products" for 127.0.0.1 at 2018-02-28 14:56:23 +0200
Processing by ProductsController#index as HTML
  Rendering products/index.html.erb within layouts/application
  [1m[36mProduct Load (0.2ms)[0m  [1m[34mSELECT "products".* FROM "products"[0m
  Rendered products/index.html.erb within layouts/application (2.9ms)
Completed 200 OK in 38ms (Views: 35.9ms | ActiveRecord: 0.2ms)


Started GET "/orders" for 127.0.0.1 at 2018-02-28 14:56:30 +0200
Processing by OrdersController#index as HTML
  Rendering orders/index.html.erb within layouts/application
  [1m[36mOrder Load (0.2ms)[0m  [1m[34mSELECT "orders".* FROM "orders"[0m
  Rendered orders/index.html.erb within layouts/application (3.2ms)
Completed 200 OK in 40ms (Views: 32.0ms | ActiveRecord: 0.6ms)


Started GET "/orders/new" for 127.0.0.1 at 2018-02-28 14:56:32 +0200
Processing by OrdersController#new as HTML
  Rendering orders/new.html.erb within layouts/application
  Rendered orders/_form.html.erb (6.6ms)
  Rendered orders/new.html.erb within layouts/application (7.9ms)
Completed 200 OK in 40ms (Views: 28.1ms | ActiveRecord: 0.6ms)


Started POST "/orders" for 127.0.0.1 at 2018-02-28 14:56:45 +0200
Processing by OrdersController#create as HTML
  Parameters: {"utf8"=>"✓", "authenticity_token"=>"LS0mQi6a4DR4q8b7pLR9VYECJJyFNINjBJUviAHUPMKK2R/gc8xBTzu4qGHidN3I5JZ/R7x96/ZDww0xVu2D0A==", "order"=>{"product_id"=>"lala", "date(1i)"=>"2018", "date(2i)"=>"2", "date(3i)"=>"12"}, "commit"=>"Create Order"}
  [1m[35m (0.1ms)[0m  [1m[36mbegin transaction[0m
  [1m[36mProduct Load (0.2ms)[0m  [1m[34mSELECT  "products".* FROM "products" WHERE "products"."id" = ? LIMIT ?[0m  [["id", 0], ["LIMIT", 1]]
  [1m[35m (0.1ms)[0m  [1m[31mrollback transaction[0m
  Rendering orders/new.html.erb within layouts/application
  Rendered orders/_form.html.erb (5.7ms)
  Rendered orders/new.html.erb within layouts/application (7.3ms)
Completed 200 OK in 53ms (Views: 33.5ms | ActiveRecord: 0.4ms)


Started POST "/orders" for 127.0.0.1 at 2018-02-28 14:56:50 +0200
Processing by OrdersController#create as HTML
  Parameters: {"utf8"=>"✓", "authenticity_token"=>"5uiuz+GjHY1T1+Yo+GC/YEGV+84ND38wmGyRie+wY5ehvnaOgCxz2x3+sYaF3h+A0/exMUuwu1zFleRZPdjPaw==", "order"=>{"product_id"=>"1", "date(1i)"=>"2018", "date(2i)"=>"2", "date(3i)"=>"12"}, "commit"=>"Create Order"}
  [1m[35m (0.1ms)[0m  [1m[36mbegin transaction[0m
  [1m[36mProduct Load (0.2ms)[0m  [1m[34mSELECT  "products".* FROM "products" WHERE "products"."id" = ? LIMIT ?[0m  [["id", 1], ["LIMIT", 1]]
  [1m[35mSQL (1.1ms)[0m  [1m[32mINSERT INTO "orders" ("product_id", "date", "created_at", "updated_at") VALUES (?, ?, ?, ?)[0m  [["product_id", 1], ["date", "2018-02-12"], ["created_at", "2018-02-28 12:56:50.357558"], ["updated_at", "2018-02-28 12:56:50.357558"]]
  [1m[35m (5.4ms)[0m  [1m[36mcommit transaction[0m
Redirected to http://localhost:3000/orders/1
Completed 302 Found in 16ms (ActiveRecord: 6.9ms)


Started GET "/orders/1" for 127.0.0.1 at 2018-02-28 14:56:50 +0200
Processing by OrdersController#show as HTML
  Parameters: {"id"=>"1"}
  [1m[36mOrder Load (0.3ms)[0m  [1m[34mSELECT  "orders".* FROM "orders" WHERE "orders"."id" = ? LIMIT ?[0m  [["id", 1], ["LIMIT", 1]]
  Rendering orders/show.html.erb within layouts/application
  [1m[36mProduct Load (0.2ms)[0m  [1m[34mSELECT  "products".* FROM "products" WHERE "products"."id" = ? LIMIT ?[0m  [["id", 1], ["LIMIT", 1]]
  Rendered orders/show.html.erb within layouts/application (2.6ms)
Completed 200 OK in 27ms (Views: 23.4ms | ActiveRecord: 0.5ms)


  [1m[36mOrder Load (1.7ms)[0m  [1m[34mSELECT  "orders".* FROM "orders" LIMIT ?[0m  [["LIMIT", 11]]
  [1m[36mOrder Load (0.7ms)[0m  [1m[34mSELECT  "orders".* FROM "orders" ORDER BY "orders"."id" ASC LIMIT ?[0m  [["LIMIT", 1]]
  [1m[36mOrder Load (0.3ms)[0m  [1m[34mSELECT  "orders".* FROM "orders" ORDER BY "orders"."id" ASC LIMIT ?[0m  [["LIMIT", 1]]
  [1m[36mOrder Load (0.3ms)[0m  [1m[34mSELECT  "orders".* FROM "orders" ORDER BY "orders"."id" ASC LIMIT ?[0m  [["LIMIT", 1]]
  [1m[36mProduct Load (0.2ms)[0m  [1m[34mSELECT  "products".* FROM "products" WHERE "products"."id" = ? LIMIT ?[0m  [["id", 1], ["LIMIT", 1]]
Started GET "/orders" for 127.0.0.1 at 2018-02-28 15:00:55 +0200
  [1m[35m (0.4ms)[0m  [1m[34mSELECT "schema_migrations"."version" FROM "schema_migrations" ORDER BY "schema_migrations"."version" ASC[0m
Processing by OrdersController#index as HTML
  Rendering orders/index.html.erb within layouts/application
  [1m[36mOrder Load (0.3ms)[0m  [1m[34mSELECT "orders".* FROM "orders"[0m
  [1m[36mProduct Load (0.3ms)[0m  [1m[34mSELECT  "products".* FROM "products" WHERE "products"."id" = ? LIMIT ?[0m  [["id", 1], ["LIMIT", 1]]
  Rendered orders/index.html.erb within layouts/application (39.6ms)
Completed 200 OK in 246ms (Views: 231.8ms | ActiveRecord: 2.2ms)


Started GET "/orders" for 127.0.0.1 at 2018-02-28 15:00:59 +0200
Processing by OrdersController#index as HTML
  Rendering orders/index.html.erb within layouts/application
  [1m[36mOrder Load (0.2ms)[0m  [1m[34mSELECT "orders".* FROM "orders"[0m
  [1m[36mProduct Load (0.3ms)[0m  [1m[34mSELECT  "products".* FROM "products" WHERE "products"."id" = ? LIMIT ?[0m  [["id", 1], ["LIMIT", 1]]
  Rendered orders/index.html.erb within layouts/application (5.0ms)
Completed 200 OK in 55ms (Views: 51.6ms | ActiveRecord: 0.8ms)


Started GET "/orders" for 127.0.0.1 at 2018-02-28 15:01:00 +0200
Processing by OrdersController#index as HTML
  Rendering orders/index.html.erb within layouts/application
  [1m[36mOrder Load (0.2ms)[0m  [1m[34mSELECT "orders".* FROM "orders"[0m
  [1m[36mProduct Load (0.1ms)[0m  [1m[34mSELECT  "products".* FROM "products" WHERE "products"."id" = ? LIMIT ?[0m  [["id", 1], ["LIMIT", 1]]
  Rendered orders/index.html.erb within layouts/application (3.8ms)
Completed 200 OK in 31ms (Views: 29.1ms | ActiveRecord: 0.3ms)


Started GET "/orders" for 127.0.0.1 at 2018-02-28 15:01:01 +0200
Processing by OrdersController#index as HTML
  Rendering orders/index.html.erb within layouts/application
  [1m[36mOrder Load (0.4ms)[0m  [1m[34mSELECT "orders".* FROM "orders"[0m
  [1m[36mProduct Load (0.2ms)[0m  [1m[34mSELECT  "products".* FROM "products" WHERE "products"."id" = ? LIMIT ?[0m  [["id", 1], ["LIMIT", 1]]
  Rendered orders/index.html.erb within layouts/application (6.4ms)
Completed 200 OK in 37ms (Views: 33.9ms | ActiveRecord: 0.6ms)


Started GET "/orders" for 127.0.0.1 at 2018-02-28 15:01:02 +0200
Processing by OrdersController#index as HTML
  Rendering orders/index.html.erb within layouts/application
  [1m[36mOrder Load (0.4ms)[0m  [1m[34mSELECT "orders".* FROM "orders"[0m
  [1m[36mProduct Load (0.1ms)[0m  [1m[34mSELECT  "products".* FROM "products" WHERE "products"."id" = ? LIMIT ?[0m  [["id", 1], ["LIMIT", 1]]
  Rendered orders/index.html.erb within layouts/application (4.5ms)
Completed 200 OK in 55ms (Views: 52.0ms | ActiveRecord: 0.5ms)


Started GET "/orders" for 127.0.0.1 at 2018-02-28 15:01:03 +0200
Processing by OrdersController#index as HTML
  Rendering orders/index.html.erb within layouts/application
  [1m[36mOrder Load (0.2ms)[0m  [1m[34mSELECT "orders".* FROM "orders"[0m
  [1m[36mProduct Load (0.2ms)[0m  [1m[34mSELECT  "products".* FROM "products" WHERE "products"."id" = ? LIMIT ?[0m  [["id", 1], ["LIMIT", 1]]
  Rendered orders/index.html.erb within layouts/application (4.9ms)
Completed 200 OK in 48ms (Views: 45.5ms | ActiveRecord: 0.4ms)


Started GET "/orders" for 127.0.0.1 at 2018-02-28 15:01:04 +0200
Processing by OrdersController#index as HTML
  Rendering orders/index.html.erb within layouts/application
  [1m[36mOrder Load (0.2ms)[0m  [1m[34mSELECT "orders".* FROM "orders"[0m
  [1m[36mProduct Load (0.1ms)[0m  [1m[34mSELECT  "products".* FROM "products" WHERE "products"."id" = ? LIMIT ?[0m  [["id", 1], ["LIMIT", 1]]
  Rendered orders/index.html.erb within layouts/application (4.9ms)
Completed 200 OK in 63ms (Views: 59.0ms | ActiveRecord: 0.4ms)


Started GET "/orders" for 127.0.0.1 at 2018-02-28 15:01:04 +0200
Processing by OrdersController#index as HTML
  Rendering orders/index.html.erb within layouts/application
  [1m[36mOrder Load (0.3ms)[0m  [1m[34mSELECT "orders".* FROM "orders"[0m
  [1m[36mProduct Load (0.1ms)[0m  [1m[34mSELECT  "products".* FROM "products" WHERE "products"."id" = ? LIMIT ?[0m  [["id", 1], ["LIMIT", 1]]
  Rendered orders/index.html.erb within layouts/application (4.5ms)
Completed 200 OK in 30ms (Views: 27.1ms | ActiveRecord: 0.4ms)


Started GET "/orders" for 127.0.0.1 at 2018-02-28 15:01:05 +0200
Processing by OrdersController#index as HTML
  Rendering orders/index.html.erb within layouts/application
  [1m[36mOrder Load (0.3ms)[0m  [1m[34mSELECT "orders".* FROM "orders"[0m
  [1m[36mProduct Load (0.3ms)[0m  [1m[34mSELECT  "products".* FROM "products" WHERE "products"."id" = ? LIMIT ?[0m  [["id", 1], ["LIMIT", 1]]
  Rendered orders/index.html.erb within layouts/application (5.6ms)
Completed 200 OK in 32ms (Views: 28.5ms | ActiveRecord: 0.6ms)


Started GET "/orders" for 127.0.0.1 at 2018-02-28 15:02:13 +0200
Processing by OrdersController#index as HTML
  Rendering orders/index.html.erb within layouts/application
  [1m[36mOrder Load (0.3ms)[0m  [1m[34mSELECT "orders".* FROM "orders"[0m
  [1m[36mProduct Load (0.3ms)[0m  [1m[34mSELECT  "products".* FROM "products" WHERE "products"."id" = ? LIMIT ?[0m  [["id", 1], ["LIMIT", 1]]
  Rendered orders/index.html.erb within layouts/application (6.7ms)
Completed 200 OK in 35ms (Views: 32.3ms | ActiveRecord: 0.6ms)


Started GET "/orders" for 127.0.0.1 at 2018-02-28 15:02:14 +0200
Processing by OrdersController#index as HTML
  Rendering orders/index.html.erb within layouts/application
  [1m[36mOrder Load (0.2ms)[0m  [1m[34mSELECT "orders".* FROM "orders"[0m
  [1m[36mProduct Load (0.1ms)[0m  [1m[34mSELECT  "products".* FROM "products" WHERE "products"."id" = ? LIMIT ?[0m  [["id", 1], ["LIMIT", 1]]
  Rendered orders/index.html.erb within layouts/application (3.5ms)
Completed 200 OK in 29ms (Views: 26.5ms | ActiveRecord: 0.3ms)


Started GET "/orders" for 127.0.0.1 at 2018-02-28 15:02:42 +0200
Processing by OrdersController#index as HTML
  Rendering orders/index.html.erb within layouts/application
  [1m[36mOrder Load (0.2ms)[0m  [1m[34mSELECT "orders".* FROM "orders"[0m
  [1m[36mProduct Load (0.2ms)[0m  [1m[34mSELECT  "products".* FROM "products" WHERE "products"."id" = ? LIMIT ?[0m  [["id", 1], ["LIMIT", 1]]
  Rendered orders/index.html.erb within layouts/application (3.7ms)
Completed 200 OK in 29ms (Views: 27.1ms | ActiveRecord: 0.4ms)


Started GET "/orders/1" for 127.0.0.1 at 2018-02-28 15:02:47 +0200
Processing by OrdersController#show as HTML
  Parameters: {"id"=>"1"}
  [1m[36mOrder Load (0.4ms)[0m  [1m[34mSELECT  "orders".* FROM "orders" WHERE "orders"."id" = ? LIMIT ?[0m  [["id", 1], ["LIMIT", 1]]
  Rendering orders/show.html.erb within layouts/application
  [1m[36mProduct Load (0.2ms)[0m  [1m[34mSELECT  "products".* FROM "products" WHERE "products"."id" = ? LIMIT ?[0m  [["id", 1], ["LIMIT", 1]]
  Rendered orders/show.html.erb within layouts/application (3.6ms)
Completed 200 OK in 28ms (Views: 24.0ms | ActiveRecord: 0.6ms)


Started GET "/products" for 127.0.0.1 at 2018-02-28 15:03:34 +0200
  [1m[35m (0.2ms)[0m  [1m[34mSELECT "schema_migrations"."version" FROM "schema_migrations" ORDER BY "schema_migrations"."version" ASC[0m
Processing by ProductsController#index as HTML
  Rendering products/index.html.erb within layouts/application
  [1m[36mProduct Load (0.2ms)[0m  [1m[34mSELECT "products".* FROM "products"[0m
  Rendered products/index.html.erb within layouts/application (13.4ms)
Completed 200 OK in 197ms (Views: 186.8ms | ActiveRecord: 0.9ms)


Started GET "/products" for 127.0.0.1 at 2018-02-28 15:06:55 +0200
  [1m[35m (0.2ms)[0m  [1m[34mSELECT "schema_migrations"."version" FROM "schema_migrations" ORDER BY "schema_migrations"."version" ASC[0m
Processing by ProductsController#index as HTML
  Rendering products/index.html.erb within layouts/application
  [1m[36mProduct Load (0.2ms)[0m  [1m[34mSELECT "products".* FROM "products"[0m
  Rendered products/index.html.erb within layouts/application (19.3ms)
Completed 200 OK in 285ms (Views: 272.2ms | ActiveRecord: 1.1ms)


Started DELETE "/products/1" for 127.0.0.1 at 2018-02-28 15:07:02 +0200
Processing by ProductsController#destroy as HTML
  Parameters: {"authenticity_token"=>"pYbTwfqXt15UOPTbJMSBNgg3O6qzIutIiGf++1U6UPDi0AuAmxjZCBoRo3VZeiHWmlVxVfWdLyTVnosrh1L8DA==", "id"=>"1"}
  [1m[36mProduct Load (0.3ms)[0m  [1m[34mSELECT  "products".* FROM "products" WHERE "products"."id" = ? LIMIT ?[0m  [["id", 1], ["LIMIT", 1]]
  [1m[35m (0.1ms)[0m  [1m[36mbegin transaction[0m
  [1m[35mSQL (1.2ms)[0m  [1m[31mDELETE FROM "products" WHERE "products"."id" = ?[0m  [["id", 1]]
  [1m[35m (0.3ms)[0m  [1m[31mrollback transaction[0m
Completed 500 Internal Server Error in 14ms (ActiveRecord: 2.2ms)


  
ActiveRecord::InvalidForeignKey (SQLite3::ConstraintException: FOREIGN KEY constraint failed: DELETE FROM "products" WHERE "products"."id" = ?):
  
app/controllers/products_controller.rb:57:in `destroy'
Started GET "/orders" for 127.0.0.1 at 2018-02-28 15:09:00 +0200
  [1m[35m (0.2ms)[0m  [1m[34mSELECT "schema_migrations"."version" FROM "schema_migrations" ORDER BY "schema_migrations"."version" ASC[0m
Processing by OrdersController#index as HTML
  Rendering orders/index.html.erb within layouts/application
  [1m[36mOrder Load (0.2ms)[0m  [1m[34mSELECT "orders".* FROM "orders"[0m
  [1m[36mProduct Load (0.3ms)[0m  [1m[34mSELECT  "products".* FROM "products" WHERE "products"."id" = ? LIMIT ?[0m  [["id", 1], ["LIMIT", 1]]
  Rendered orders/index.html.erb within layouts/application (38.1ms)
Completed 200 OK in 304ms (Views: 283.6ms | ActiveRecord: 6.5ms)


Started DELETE "/orders/1" for 127.0.0.1 at 2018-02-28 15:09:04 +0200
Processing by OrdersController#destroy as HTML
  Parameters: {"authenticity_token"=>"BK2aTi/UcujLfPI/fWg49VUbKPqhnMQ7zyKanYe09hFD+0IPTlscvoVVpZEA1pgVx3liBecjAFeS2+9NVdxa7Q==", "id"=>"1"}
  [1m[36mOrder Load (0.3ms)[0m  [1m[34mSELECT  "orders".* FROM "orders" WHERE "orders"."id" = ? LIMIT ?[0m  [["id", 1], ["LIMIT", 1]]
  [1m[35m (0.1ms)[0m  [1m[36mbegin transaction[0m
  [1m[35mSQL (0.6ms)[0m  [1m[31mDELETE FROM "orders" WHERE "orders"."id" = ?[0m  [["id", 1]]
  [1m[35m (7.4ms)[0m  [1m[36mcommit transaction[0m
Redirected to http://localhost:3000/orders
Completed 302 Found in 17ms (ActiveRecord: 8.9ms)


Started GET "/orders" for 127.0.0.1 at 2018-02-28 15:09:04 +0200
Processing by OrdersController#index as HTML
  Rendering orders/index.html.erb within layouts/application
  [1m[36mOrder Load (0.3ms)[0m  [1m[34mSELECT "orders".* FROM "orders"[0m
  Rendered orders/index.html.erb within layouts/application (2.6ms)
Completed 200 OK in 28ms (Views: 26.5ms | ActiveRecord: 0.3ms)


Started GET "/products" for 127.0.0.1 at 2018-02-28 15:09:14 +0200
Processing by ProductsController#index as HTML
  Rendering products/index.html.erb within layouts/application
  [1m[36mProduct Load (0.4ms)[0m  [1m[34mSELECT "products".* FROM "products"[0m
  Rendered products/index.html.erb within layouts/application (4.8ms)
Completed 200 OK in 37ms (Views: 35.1ms | ActiveRecord: 0.4ms)


Started DELETE "/products/1" for 127.0.0.1 at 2018-02-28 15:09:19 +0200
Processing by ProductsController#destroy as HTML
  Parameters: {"authenticity_token"=>"8yMS0XkK6VQmwPxjwDm1lEnIz6tM/4f9xFYcIsIy+SW0dcqQGIWHAmjpq829hxV026qFVApAQ5GZr2nyEFpV2Q==", "id"=>"1"}
  [1m[36mProduct Load (0.3ms)[0m  [1m[34mSELECT  "products".* FROM "products" WHERE "products"."id" = ? LIMIT ?[0m  [["id", 1], ["LIMIT", 1]]
  [1m[35m (0.1ms)[0m  [1m[36mbegin transaction[0m
  [1m[35mSQL (0.4ms)[0m  [1m[31mDELETE FROM "products" WHERE "products"."id" = ?[0m  [["id", 1]]
  [1m[35m (7.4ms)[0m  [1m[36mcommit transaction[0m
Redirected to http://localhost:3000/products
Completed 302 Found in 17ms (ActiveRecord: 8.3ms)


Started GET "/products" for 127.0.0.1 at 2018-02-28 15:09:19 +0200
Processing by ProductsController#index as HTML
  Rendering products/index.html.erb within layouts/application
  [1m[36mProduct Load (0.3ms)[0m  [1m[34mSELECT "products".* FROM "products"[0m
  Rendered products/index.html.erb within layouts/application (2.4ms)
Completed 200 OK in 29ms (Views: 27.4ms | ActiveRecord: 0.3ms)


